Using pre-set license
Built from '2020.2/release' branch; Version is '2020.2.4f1 (becced5a802b) revision 12504301'; Using compiler version '192528614'; Build Type 'Release'
OS: 'Windows 10 Education; OS build 19042.985; Version 2009; 64bit' Language: 'pt' Physical Memory: 16326 MB
BatchMode: 1, IsHumanControllingUs: 0, StartBugReporterOnCrash: 0, Is64bit: 1, IsPro: 0

 COMMAND LINE ARGUMENTS:
C:\Program Files\Unity\Editor\Unity.exe
-adb2
-batchMode
-noUpm
-name
AssetImportWorker0
-projectPath
C:/Users/TDataTechnology/Desktop/Jogos/Projeto/Projeto para game objects
-logFile
Logs/AssetImportWorker0.log
-srvPort
50230
Successfully changed project path to: C:/Users/TDataTechnology/Desktop/Jogos/Projeto/Projeto para game objects
C:/Users/TDataTechnology/Desktop/Jogos/Projeto/Projeto para game objects
Using Asset Import Pipeline V2.
Refreshing native plugins compatible for Editor in 22.38 ms, found 1 plugins.
Preloading 0 native plugins for Editor in 0.00 ms.
Initialize engine version: 2020.2.4f1 (becced5a802b)
[Subsystems] Discovering subsystems at path C:/Program Files/Unity/Editor/Data/Resources/UnitySubsystems
[Subsystems] Discovering subsystems at path C:/Users/TDataTechnology/Desktop/Jogos/Projeto/Projeto para game objects/Assets
GfxDevice: creating device client; threaded=0
Direct3D:
    Version:  Direct3D 11.0 [level 11.1]
    Renderer: NVIDIA GeForce GTX 1660 Ti (ID=0x2182)
    Vendor:   
    VRAM:     5991 MB
    Driver:   27.21.14.6627
Initialize mono
Mono path[0] = 'C:/Program Files/Unity/Editor/Data/Managed'
Mono path[1] = 'C:/Program Files/Unity/Editor/Data/MonoBleedingEdge/lib/mono/unityjit'
Mono config path = 'C:/Program Files/Unity/Editor/Data/MonoBleedingEdge/etc'
Using monoOptions --debugger-agent=transport=dt_socket,embedding=1,server=y,suspend=n,address=127.0.0.1:56720
Begin MonoManager ReloadAssembly
Registering precompiled unity dll's ...
Register platform support module: C:/Program Files/Unity/Editor/Data/PlaybackEngines/WindowsStandaloneSupport/UnityEditor.WindowsStandalone.Extensions.dll
Registered in 0.001565 seconds.
Native extension for WindowsStandalone target not found
Refreshing native plugins compatible for Editor in 23.33 ms, found 1 plugins.
Preloading 0 native plugins for Editor in 0.00 ms.
Invoked RoslynAnalysisRunner static constructor.
RoslynAnalysisRunner will not be running.
RoslynAnalysisRunner has terminated.
Mono: successfully reloaded assembly
- Completed reload, in  2.347 seconds
Platform modules already initialized, skipping
Registering precompiled user dll's ...
Registered in 0.000968 seconds.
Begin MonoManager ReloadAssembly
Native extension for WindowsStandalone target not found
Refreshing native plugins compatible for Editor in 0.21 ms, found 1 plugins.
Preloading 0 native plugins for Editor in 0.00 ms.
Invoked RoslynAnalysisRunner static constructor.
RoslynAnalysisRunner will not be running.
RoslynAnalysisRunner has terminated.
Mono: successfully reloaded assembly
- Completed reload, in  0.753 seconds
Platform modules already initialized, skipping
========================================================================
Worker process is ready to serve import requests
Launched and connected shader compiler UnityShaderCompiler.exe after 0.04 seconds
Refreshing native plugins compatible for Editor in 0.20 ms, found 1 plugins.
Preloading 0 native plugins for Editor in 0.00 ms.
Unloading 1108 Unused Serialized files (Serialized files now loaded: 0)
System memory in use before: 57.0 MB.
System memory in use after: 57.0 MB.

Unloading 13 unused Assets to reduce memory usage. Loaded Objects now: 1546.
Total: 1.585800 ms (FindLiveObjects: 0.161000 ms CreateObjectMapping: 0.036300 ms MarkObjects: 1.298000 ms  DeleteObjects: 0.087900 ms)

========================================================================
Received Import Request.
  path: Assets/Plugins
  artifactKey: Guid(720712be6e31c444f88f57bb85bf5fa5) Importer(815301076,1909f56bfc062723c751e8b465ee728b)
Start importing Assets/Plugins using Guid(720712be6e31c444f88f57bb85bf5fa5) Importer(815301076,1909f56bfc062723c751e8b465ee728b)  -> (artifact id: '032e6a0a3cf08fdcaee4c0b17667e2fb') in 0.025835 seconds
  Import took 0.027501 seconds .

AssetImportWorkerClient::OnTransportError - code=2 error=End of file
